<?xml version="1.0" encoding="UTF-8"?><testsuite errors="0" failures="0" name="Testing different request on the gorest application" skipped="3" tests="4" time="6.37" timestamp="2023-01-10T19:49:36.837Z[Europe/London]"><testcase name="Check if the gorest application can be accessed by users"/><testcase name="Create a new user &amp; verify if the user is added"><skipped/></testcase><testcase name="Update a created user &amp; verify if the user is updated"><skipped/></testcase><testcase name="Delete a created user &amp; verify if the user is deleted"><skipped/></testcase></testsuite>